TN:
SF:src\shared\utils\dashboard.ts
FN:8,(anonymous_0)
FN:10,(anonymous_1)
FN:12,(anonymous_2)
FN:30,(anonymous_3)
FN:32,(anonymous_4)
FN:42,(anonymous_5)
FN:44,(anonymous_6)
FN:53,(anonymous_7)
FN:55,(anonymous_8)
FN:57,(anonymous_9)
FNF:10
FNH:10
FNDA:2,(anonymous_0)
FNDA:3,(anonymous_1)
FNDA:2,(anonymous_2)
FNDA:2,(anonymous_3)
FNDA:3,(anonymous_4)
FNDA:2,(anonymous_5)
FNDA:3,(anonymous_6)
FNDA:2,(anonymous_7)
FNDA:3,(anonymous_8)
FNDA:3,(anonymous_9)
DA:8,1
DA:9,2
DA:10,2
DA:11,3
DA:12,2
DA:14,3
DA:15,1
DA:17,2
DA:23,2
DA:30,1
DA:31,2
DA:33,3
DA:42,1
DA:43,2
DA:45,3
DA:53,1
DA:54,2
DA:55,2
DA:56,3
DA:57,3
DA:59,3
DA:60,1
DA:62,2
DA:68,2
LF:24
LH:24
BRDA:14,0,0,1
BRDA:14,0,1,2
BRDA:33,1,0,2
BRDA:33,1,1,1
BRDA:45,2,0,1
BRDA:45,2,1,2
BRDA:59,3,0,1
BRDA:59,3,1,2
BRF:8
BRH:8
end_of_record
